[2025-09-20 12:01:20Z INFO HostContext] No proxy settings were found based on environmental variables (http_proxy/https_proxy/HTTP_PROXY/HTTPS_PROXY)
[2025-09-20 12:01:20Z INFO HostContext] Well known directory 'Bin': 'C:\Users\MOHAMMED SAIFUDDIN\wisecow-assig\k8s\actions-runner\bin'
[2025-09-20 12:01:20Z INFO HostContext] Well known directory 'Root': 'C:\Users\MOHAMMED SAIFUDDIN\wisecow-assig\k8s\actions-runner'
[2025-09-20 12:01:20Z INFO HostContext] Well known config file 'Credentials': 'C:\Users\MOHAMMED SAIFUDDIN\wisecow-assig\k8s\actions-runner\.credentials'
[2025-09-20 12:01:20Z INFO HostContext] Well known directory 'Bin': 'C:\Users\MOHAMMED SAIFUDDIN\wisecow-assig\k8s\actions-runner\bin'
[2025-09-20 12:01:20Z INFO HostContext] Well known directory 'Root': 'C:\Users\MOHAMMED SAIFUDDIN\wisecow-assig\k8s\actions-runner'
[2025-09-20 12:01:20Z INFO HostContext] Well known config file 'Runner': 'C:\Users\MOHAMMED SAIFUDDIN\wisecow-assig\k8s\actions-runner\.runner'
[2025-09-20 12:01:20Z INFO Listener] Runner is built for Windows (X64) - win-x64.
[2025-09-20 12:01:20Z INFO Listener] RuntimeInformation: Microsoft Windows 10.0.26100.
[2025-09-20 12:01:20Z INFO Listener] Version: 2.328.0
[2025-09-20 12:01:20Z INFO Listener] Commit: 6f9a9110adce65f44ca6f7c0ae142b9cc6af937b
[2025-09-20 12:01:20Z INFO Listener] Culture: en-IN
[2025-09-20 12:01:20Z INFO Listener] UI Culture: en-US
[2025-09-20 12:01:20Z INFO HostContext] Well known directory 'Bin': 'C:\Users\MOHAMMED SAIFUDDIN\wisecow-assig\k8s\actions-runner\bin'
[2025-09-20 12:01:20Z INFO HostContext] Well known directory 'Root': 'C:\Users\MOHAMMED SAIFUDDIN\wisecow-assig\k8s\actions-runner'
[2025-09-20 12:01:20Z INFO Listener] Validating directory permissions for: 'C:\Users\MOHAMMED SAIFUDDIN\wisecow-assig\k8s\actions-runner'
[2025-09-20 12:01:20Z INFO CommandLineParser] Parse
[2025-09-20 12:01:20Z INFO CommandLineParser] Parsing 5 args
[2025-09-20 12:01:20Z INFO CommandLineParser] parsing argument
[2025-09-20 12:01:20Z INFO CommandLineParser] HasArgs: False
[2025-09-20 12:01:20Z INFO CommandLineParser] Adding Command: configure
[2025-09-20 12:01:20Z INFO CommandLineParser] parsing argument
[2025-09-20 12:01:20Z INFO CommandLineParser] HasArgs: True
[2025-09-20 12:01:20Z INFO CommandLineParser] arg: url
[2025-09-20 12:01:20Z INFO CommandLineParser] parsing argument
[2025-09-20 12:01:20Z INFO CommandLineParser] HasArgs: True
[2025-09-20 12:01:20Z INFO CommandLineParser] Adding option 'url': 'https://github.com/mohammed-saifuddin/wisecow-assig'
[2025-09-20 12:01:20Z INFO CommandLineParser] parsing argument
[2025-09-20 12:01:20Z INFO CommandLineParser] HasArgs: True
[2025-09-20 12:01:20Z INFO CommandLineParser] arg: token
[2025-09-20 12:01:20Z INFO CommandLineParser] parsing argument
[2025-09-20 12:01:20Z INFO CommandLineParser] HasArgs: True
[2025-09-20 12:01:20Z INFO CommandLineParser] Adding option 'token': '***'
[2025-09-20 12:01:20Z INFO Listener] Arguments parsed
[2025-09-20 12:01:20Z INFO Runner] ExecuteCommand
[2025-09-20 12:01:20Z INFO ConfigurationStore] currentAssemblyLocation: C:\Users\MOHAMMED SAIFUDDIN\wisecow-assig\k8s\actions-runner\bin\Runner.Listener.dll
[2025-09-20 12:01:20Z INFO HostContext] Well known directory 'Bin': 'C:\Users\MOHAMMED SAIFUDDIN\wisecow-assig\k8s\actions-runner\bin'
[2025-09-20 12:01:20Z INFO ConfigurationStore] binPath: C:\Users\MOHAMMED SAIFUDDIN\wisecow-assig\k8s\actions-runner\bin
[2025-09-20 12:01:20Z INFO HostContext] Well known directory 'Bin': 'C:\Users\MOHAMMED SAIFUDDIN\wisecow-assig\k8s\actions-runner\bin'
[2025-09-20 12:01:20Z INFO HostContext] Well known directory 'Root': 'C:\Users\MOHAMMED SAIFUDDIN\wisecow-assig\k8s\actions-runner'
[2025-09-20 12:01:20Z INFO ConfigurationStore] RootFolder: C:\Users\MOHAMMED SAIFUDDIN\wisecow-assig\k8s\actions-runner
[2025-09-20 12:01:20Z INFO HostContext] Well known directory 'Bin': 'C:\Users\MOHAMMED SAIFUDDIN\wisecow-assig\k8s\actions-runner\bin'
[2025-09-20 12:01:20Z INFO HostContext] Well known directory 'Root': 'C:\Users\MOHAMMED SAIFUDDIN\wisecow-assig\k8s\actions-runner'
[2025-09-20 12:01:20Z INFO HostContext] Well known config file 'Runner': 'C:\Users\MOHAMMED SAIFUDDIN\wisecow-assig\k8s\actions-runner\.runner'
[2025-09-20 12:01:20Z INFO ConfigurationStore] ConfigFilePath: C:\Users\MOHAMMED SAIFUDDIN\wisecow-assig\k8s\actions-runner\.runner
[2025-09-20 12:01:20Z INFO HostContext] Well known directory 'Bin': 'C:\Users\MOHAMMED SAIFUDDIN\wisecow-assig\k8s\actions-runner\bin'
[2025-09-20 12:01:20Z INFO HostContext] Well known directory 'Root': 'C:\Users\MOHAMMED SAIFUDDIN\wisecow-assig\k8s\actions-runner'
[2025-09-20 12:01:20Z INFO HostContext] Well known config file 'MigratedRunner': 'C:\Users\MOHAMMED SAIFUDDIN\wisecow-assig\k8s\actions-runner\.runner_migrated'
[2025-09-20 12:01:20Z INFO ConfigurationStore] MigratedConfigFilePath: C:\Users\MOHAMMED SAIFUDDIN\wisecow-assig\k8s\actions-runner\.runner_migrated
[2025-09-20 12:01:20Z INFO HostContext] Well known directory 'Bin': 'C:\Users\MOHAMMED SAIFUDDIN\wisecow-assig\k8s\actions-runner\bin'
[2025-09-20 12:01:20Z INFO HostContext] Well known directory 'Root': 'C:\Users\MOHAMMED SAIFUDDIN\wisecow-assig\k8s\actions-runner'
[2025-09-20 12:01:20Z INFO HostContext] Well known config file 'Credentials': 'C:\Users\MOHAMMED SAIFUDDIN\wisecow-assig\k8s\actions-runner\.credentials'
[2025-09-20 12:01:20Z INFO ConfigurationStore] CredFilePath: C:\Users\MOHAMMED SAIFUDDIN\wisecow-assig\k8s\actions-runner\.credentials
[2025-09-20 12:01:20Z INFO HostContext] Well known directory 'Bin': 'C:\Users\MOHAMMED SAIFUDDIN\wisecow-assig\k8s\actions-runner\bin'
[2025-09-20 12:01:20Z INFO HostContext] Well known directory 'Root': 'C:\Users\MOHAMMED SAIFUDDIN\wisecow-assig\k8s\actions-runner'
[2025-09-20 12:01:20Z INFO HostContext] Well known config file 'MigratedCredentials': 'C:\Users\MOHAMMED SAIFUDDIN\wisecow-assig\k8s\actions-runner\.credentials_migrated'
[2025-09-20 12:01:20Z INFO ConfigurationStore] MigratedCredFilePath: C:\Users\MOHAMMED SAIFUDDIN\wisecow-assig\k8s\actions-runner\.credentials_migrated
[2025-09-20 12:01:20Z INFO HostContext] Well known directory 'Bin': 'C:\Users\MOHAMMED SAIFUDDIN\wisecow-assig\k8s\actions-runner\bin'
[2025-09-20 12:01:20Z INFO HostContext] Well known directory 'Root': 'C:\Users\MOHAMMED SAIFUDDIN\wisecow-assig\k8s\actions-runner'
[2025-09-20 12:01:20Z INFO HostContext] Well known config file 'Service': 'C:\Users\MOHAMMED SAIFUDDIN\wisecow-assig\k8s\actions-runner\.service'
[2025-09-20 12:01:20Z INFO ConfigurationStore] ServiceConfigFilePath: C:\Users\MOHAMMED SAIFUDDIN\wisecow-assig\k8s\actions-runner\.service
[2025-09-20 12:01:20Z INFO CommandSettings] Flag 'help': 'False'
[2025-09-20 12:01:20Z INFO CommandSettings] Flag 'version': 'False'
[2025-09-20 12:01:20Z INFO CommandSettings] Flag 'commit': 'False'
[2025-09-20 12:01:20Z INFO CommandSettings] Flag 'check': 'False'
[2025-09-20 12:01:20Z INFO CommandSettings] Command 'configure': 'True'
[2025-09-20 12:01:20Z INFO Terminal] WRITE LINE: 
[2025-09-20 12:01:20Z INFO Terminal] WRITE LINE: --------------------------------------------------------------------------------
[2025-09-20 12:01:20Z INFO Terminal] WRITE LINE: |        ____ _ _   _   _       _          _        _   _                      |
[2025-09-20 12:01:20Z INFO Terminal] WRITE LINE: |       / ___(_) |_| | | |_   _| |__      / \   ___| |_(_) ___  _ __  ___      |
[2025-09-20 12:01:20Z INFO Terminal] WRITE LINE: |      | |  _| | __| |_| | | | | '_ \    / _ \ / __| __| |/ _ \| '_ \/ __|     |
[2025-09-20 12:01:20Z INFO Terminal] WRITE LINE: |      | |_| | | |_|  _  | |_| | |_) |  / ___ \ (__| |_| | (_) | | | \__ \     |
[2025-09-20 12:01:20Z INFO Terminal] WRITE LINE: |       \____|_|\__|_| |_|\__,_|_.__/  /_/   \_\___|\__|_|\___/|_| |_|___/     |
[2025-09-20 12:01:20Z INFO Terminal] WRITE LINE: |                                                                              |
[2025-09-20 12:01:20Z INFO Terminal] WRITE: |                       
[2025-09-20 12:01:20Z INFO Terminal] WRITE: Self-hosted runner registration
[2025-09-20 12:01:20Z INFO Terminal] WRITE LINE:                         |
[2025-09-20 12:01:20Z INFO Terminal] WRITE LINE: |                                                                              |
[2025-09-20 12:01:20Z INFO Terminal] WRITE LINE: --------------------------------------------------------------------------------
[2025-09-20 12:01:20Z INFO ConfigurationManager] ConfigureAsync
[2025-09-20 12:01:20Z INFO CommandSettings] Flag 'generateServiceConfig': 'False'
[2025-09-20 12:01:20Z INFO ConfigurationStore] IsConfigured()
[2025-09-20 12:01:20Z INFO ConfigurationStore] IsConfigured: False
[2025-09-20 12:01:20Z INFO ConfigurationManager] Is configured: False
[2025-09-20 12:01:20Z INFO CommandSettings] Arg 'url': 'https://github.com/mohammed-saifuddin/wisecow-assig'
[2025-09-20 12:01:20Z INFO CommandSettings] Remove url from Arg dictionary.
[2025-09-20 12:01:20Z INFO CommandSettings] Arg 'token': '***'
[2025-09-20 12:01:20Z INFO CommandSettings] Remove token from Arg dictionary.
[2025-09-20 12:01:21Z INFO ConfigurationManager] Http response code: OK from 'POST https://api.github.com/actions/runner-registration' (145C:1D471C:BE4301:D48A2B:68CE9790)
[2025-09-20 12:01:21Z INFO ConfigurationManager] Using V2 flow: False
[2025-09-20 12:01:21Z INFO ConfigurationManager] cred retrieved via GitHub auth
[2025-09-20 12:01:21Z INFO RunnerServer] EstablishVssConnection
[2025-09-20 12:01:21Z INFO RunnerServer] Establish connection with 100 seconds timeout.
[2025-09-20 12:01:21Z INFO GitHubActionsService] Starting operation Location.GetConnectionData
[2025-09-20 12:01:21Z INFO RunnerServer] EstablishVssConnection
[2025-09-20 12:01:21Z INFO RunnerServer] Establish connection with 60 seconds timeout.
[2025-09-20 12:01:21Z INFO GitHubActionsService] Starting operation Location.GetConnectionData
[2025-09-20 12:01:21Z INFO RunnerServer] EstablishVssConnection
[2025-09-20 12:01:21Z INFO RunnerServer] Establish connection with 60 seconds timeout.
[2025-09-20 12:01:21Z INFO GitHubActionsService] Starting operation Location.GetConnectionData
[2025-09-20 12:01:22Z INFO GitHubActionsService] Finished operation Location.GetConnectionData
[2025-09-20 12:01:22Z INFO GitHubActionsService] Finished operation Location.GetConnectionData
[2025-09-20 12:01:22Z INFO GitHubActionsService] Finished operation Location.GetConnectionData
[2025-09-20 12:01:22Z INFO Terminal] WRITE LINE: 
[2025-09-20 12:01:22Z INFO ConfigurationManager] Test Connection complete.
[2025-09-20 12:01:22Z INFO HostContext] Well known directory 'Bin': 'C:\Users\MOHAMMED SAIFUDDIN\wisecow-assig\k8s\actions-runner\bin'
[2025-09-20 12:01:22Z INFO HostContext] Well known directory 'Root': 'C:\Users\MOHAMMED SAIFUDDIN\wisecow-assig\k8s\actions-runner'
[2025-09-20 12:01:22Z INFO HostContext] Well known config file 'RSACredentials': 'C:\Users\MOHAMMED SAIFUDDIN\wisecow-assig\k8s\actions-runner\.credentials_rsaparams'
[2025-09-20 12:01:22Z INFO RSAEncryptedFileKeyManager] Creating new RSA key using 2048-bit key length
[2025-09-20 12:01:22Z INFO RSAEncryptedFileKeyManager] Successfully saved RSA key parameters to file C:\Users\MOHAMMED SAIFUDDIN\wisecow-assig\k8s\actions-runner\.credentials_rsaparams
[2025-09-20 12:01:22Z INFO CommandSettings] Arg 'runnergroup': ''
[2025-09-20 12:01:22Z INFO CommandSettings] Flag 'unattended': 'False'
[2025-09-20 12:01:22Z INFO PromptManager] ReadValue
[2025-09-20 12:01:22Z INFO Terminal] WRITE: Enter the name of the runner group to add this runner to: 
[2025-09-20 12:01:22Z INFO Terminal] WRITE: [press Enter for Default] 
[2025-09-20 12:01:22Z INFO Terminal] READ LINE
[2025-09-20 12:01:24Z INFO Terminal] Read value: ''
[2025-09-20 12:01:24Z INFO PromptManager] Falling back to the default: 'Default'
[2025-09-20 12:01:24Z INFO Terminal] WRITE LINE: 
[2025-09-20 12:01:24Z INFO ConfigurationManager] Found a self-hosted runner group with id 1 and name Default
[2025-09-20 12:01:24Z INFO CommandSettings] Flag 'disableupdate': 'False'
[2025-09-20 12:01:24Z INFO CommandSettings] Flag 'ephemeral': 'False'
[2025-09-20 12:01:24Z INFO CommandSettings] Arg 'name': ''
[2025-09-20 12:01:24Z INFO CommandSettings] Flag 'unattended': 'False'
[2025-09-20 12:01:24Z INFO PromptManager] ReadValue
[2025-09-20 12:01:24Z INFO Terminal] WRITE: Enter the name of runner: 
[2025-09-20 12:01:24Z INFO Terminal] WRITE: [press Enter for LAPTOP-F6M01O0M] 
[2025-09-20 12:01:24Z INFO Terminal] READ LINE
[2025-09-20 12:01:27Z INFO Terminal] Read value: ''
[2025-09-20 12:01:27Z INFO PromptManager] Falling back to the default: 'LAPTOP-F6M01O0M'
[2025-09-20 12:01:27Z INFO Terminal] WRITE LINE: 
[2025-09-20 12:01:27Z INFO CommandSettings] Arg 'labels': ''
[2025-09-20 12:01:27Z INFO CommandSettings] Flag 'unattended': 'False'
[2025-09-20 12:01:27Z INFO PromptManager] ReadValue
[2025-09-20 12:01:27Z INFO Terminal] WRITE: This runner will have the following labels: 'self-hosted', 'Windows', 'X64' 
Enter any additional labels (ex. label-1,label-2): 
[2025-09-20 12:01:27Z INFO Terminal] WRITE: [press Enter to skip] 
[2025-09-20 12:01:27Z INFO Terminal] READ LINE
[2025-09-20 12:01:29Z INFO Terminal] Read value: ''
[2025-09-20 12:01:29Z INFO Terminal] WRITE LINE: 
[2025-09-20 12:01:29Z INFO CommandSettings] Flag 'disableupdate': 'False'
[2025-09-20 12:01:29Z INFO CommandSettings] Flag 'no-default-labels': 'False'
[2025-09-20 12:01:30Z INFO CommandSettings] Flag 'disableupdate': 'False'
[2025-09-20 12:01:30Z INFO CommandSettings] Flag 'ephemeral': 'False'
[2025-09-20 12:01:30Z INFO ConfigurationStore] Saving OAuth credential @ C:\Users\MOHAMMED SAIFUDDIN\wisecow-assig\k8s\actions-runner\.credentials
[2025-09-20 12:01:30Z INFO ConfigurationStore] Credentials Saved.
[2025-09-20 12:01:30Z INFO ConfigurationStore] HasCredentials()
[2025-09-20 12:01:30Z INFO ConfigurationStore] stored True
[2025-09-20 12:01:30Z INFO CredentialManager] GetCredentialProvider
[2025-09-20 12:01:30Z INFO CredentialManager] Creating type OAuth
[2025-09-20 12:01:30Z INFO CredentialManager] Creating credential type: OAuth
[2025-09-20 12:01:30Z INFO RSAEncryptedFileKeyManager] Loading RSA key parameters from file C:\Users\MOHAMMED SAIFUDDIN\wisecow-assig\k8s\actions-runner\.credentials_rsaparams
[2025-09-20 12:01:30Z INFO RunnerServer] EstablishVssConnection
[2025-09-20 12:01:30Z INFO RunnerServer] Establish connection with 100 seconds timeout.
[2025-09-20 12:01:30Z INFO GitHubActionsService] Starting operation Location.GetConnectionData
[2025-09-20 12:01:30Z INFO RunnerServer] EstablishVssConnection
[2025-09-20 12:01:30Z INFO RunnerServer] Establish connection with 60 seconds timeout.
[2025-09-20 12:01:30Z INFO GitHubActionsService] Starting operation Location.GetConnectionData
[2025-09-20 12:01:30Z INFO RunnerServer] EstablishVssConnection
[2025-09-20 12:01:30Z INFO RunnerServer] Establish connection with 60 seconds timeout.
[2025-09-20 12:01:30Z INFO GitHubActionsService] Starting operation Location.GetConnectionData
[2025-09-20 12:01:31Z INFO GitHubActionsService] Finished operation Location.GetConnectionData
[2025-09-20 12:01:31Z INFO GitHubActionsService] Finished operation Location.GetConnectionData
[2025-09-20 12:01:31Z INFO GitHubActionsService] Finished operation Location.GetConnectionData
[2025-09-20 12:01:31Z INFO RSAEncryptedFileKeyManager] Loading RSA key parameters from file C:\Users\MOHAMMED SAIFUDDIN\wisecow-assig\k8s\actions-runner\.credentials_rsaparams
[2025-09-20 12:01:31Z INFO RSAEncryptedFileKeyManager] Loading RSA key parameters from file C:\Users\MOHAMMED SAIFUDDIN\wisecow-assig\k8s\actions-runner\.credentials_rsaparams
[2025-09-20 12:01:32Z INFO GitHubActionsService] AAD Correlation ID for this token request: Unknown
[2025-09-20 12:01:33Z INFO ConfigurationManager] Service enforced serverUrlV2: https://broker.actions.githubusercontent.com/
[2025-09-20 12:01:33Z INFO ConfigurationManager] Service enforced useV2Flow: True
[2025-09-20 12:01:33Z INFO CommandSettings] Arg 'work': ''
[2025-09-20 12:01:33Z INFO CommandSettings] Flag 'unattended': 'False'
[2025-09-20 12:01:33Z INFO PromptManager] ReadValue
[2025-09-20 12:01:33Z INFO Terminal] WRITE: Enter name of work folder: 
[2025-09-20 12:01:33Z INFO Terminal] WRITE: [press Enter for _work] 
[2025-09-20 12:01:33Z INFO Terminal] READ LINE
[2025-09-20 12:01:34Z INFO Terminal] Read value: ''
[2025-09-20 12:01:34Z INFO PromptManager] Falling back to the default: '_work'
[2025-09-20 12:01:34Z INFO ConfigurationStore] Saving runner settings.
[2025-09-20 12:01:34Z INFO ConfigurationStore] Settings Saved.
[2025-09-20 12:01:34Z INFO Terminal] WRITE LINE: 
[2025-09-20 12:01:34Z INFO Terminal] WRITE LINE: 
[2025-09-20 12:01:34Z INFO CommandSettings] Flag 'runasservice': 'False'
[2025-09-20 12:01:34Z INFO CommandSettings] Flag 'unattended': 'False'
[2025-09-20 12:01:34Z INFO PromptManager] ReadValue
[2025-09-20 12:01:34Z INFO Terminal] WRITE: Would you like to run the runner as service? (Y/N) 
[2025-09-20 12:01:34Z INFO Terminal] WRITE: [press Enter for N] 
[2025-09-20 12:01:34Z INFO Terminal] READ LINE
[2025-09-20 12:01:36Z INFO Terminal] Read value: ''
[2025-09-20 12:01:36Z INFO PromptManager] Falling back to the default: 'N'
[2025-09-20 12:01:36Z INFO Listener] Runner execution has finished with return code 0
